Determining if the pthread_create exist failed with the following output:
Change Dir: /home/lizhen/tvm/build/CMakeFiles/CMakeTmp

Run Build Command:"/usr/bin/make" "cmTC_68727/fast"
/usr/bin/make -f CMakeFiles/cmTC_68727.dir/build.make CMakeFiles/cmTC_68727.dir/build
make[1]: Entering directory '/home/lizhen/tvm/build/CMakeFiles/CMakeTmp'
Building C object CMakeFiles/cmTC_68727.dir/CheckSymbolExists.c.o
/usr/bin/cc    -fPIC    -o CMakeFiles/cmTC_68727.dir/CheckSymbolExists.c.o   -c /home/lizhen/tvm/build/CMakeFiles/CMakeTmp/CheckSymbolExists.c
Linking C executable cmTC_68727
/usr/bin/cmake -E cmake_link_script CMakeFiles/cmTC_68727.dir/link.txt --verbose=1
/usr/bin/cc  -fPIC     CMakeFiles/cmTC_68727.dir/CheckSymbolExists.c.o  -o cmTC_68727 -rdynamic 
CMakeFiles/cmTC_68727.dir/CheckSymbolExists.c.o: In function `main':
CheckSymbolExists.c:(.text+0x1b): undefined reference to `pthread_create'
collect2: error: ld returned 1 exit status
CMakeFiles/cmTC_68727.dir/build.make:97: recipe for target 'cmTC_68727' failed
make[1]: *** [cmTC_68727] Error 1
make[1]: Leaving directory '/home/lizhen/tvm/build/CMakeFiles/CMakeTmp'
Makefile:126: recipe for target 'cmTC_68727/fast' failed
make: *** [cmTC_68727/fast] Error 2

File /home/lizhen/tvm/build/CMakeFiles/CMakeTmp/CheckSymbolExists.c:
/* */
#include <pthread.h>

int main(int argc, char** argv)
{
  (void)argv;
#ifndef pthread_create
  return ((int*)(&pthread_create))[argc];
#else
  (void)argc;
  return 0;
#endif
}

Determining if the function pthread_create exists in the pthreads failed with the following output:
Change Dir: /home/lizhen/tvm/build/CMakeFiles/CMakeTmp

Run Build Command:"/usr/bin/make" "cmTC_da197/fast"
/usr/bin/make -f CMakeFiles/cmTC_da197.dir/build.make CMakeFiles/cmTC_da197.dir/build
make[1]: Entering directory '/home/lizhen/tvm/build/CMakeFiles/CMakeTmp'
Building C object CMakeFiles/cmTC_da197.dir/CheckFunctionExists.c.o
/usr/bin/cc    -fPIC -DCHECK_FUNCTION_EXISTS=pthread_create   -o CMakeFiles/cmTC_da197.dir/CheckFunctionExists.c.o   -c /usr/share/cmake-3.5/Modules/CheckFunctionExists.c
Linking C executable cmTC_da197
/usr/bin/cmake -E cmake_link_script CMakeFiles/cmTC_da197.dir/link.txt --verbose=1
/usr/bin/cc  -fPIC -DCHECK_FUNCTION_EXISTS=pthread_create    CMakeFiles/cmTC_da197.dir/CheckFunctionExists.c.o  -o cmTC_da197 -rdynamic -lpthreads 
/usr/bin/ld: cannot find -lpthreads
collect2: error: ld returned 1 exit status
CMakeFiles/cmTC_da197.dir/build.make:97: recipe for target 'cmTC_da197' failed
make[1]: *** [cmTC_da197] Error 1
make[1]: Leaving directory '/home/lizhen/tvm/build/CMakeFiles/CMakeTmp'
Makefile:126: recipe for target 'cmTC_da197/fast' failed
make: *** [cmTC_da197/fast] Error 2


Determining if the pthread_create exist failed with the following output:
Change Dir: /home/lizhen/tvm-cvm/build/CMakeFiles/CMakeTmp

Run Build Command:"/usr/bin/make" "cmTC_72c2b/fast"
make[1]: Entering directory '/home/lizhen/tvm-cvm/build/CMakeFiles/CMakeTmp'
/usr/bin/make -f CMakeFiles/cmTC_72c2b.dir/build.make CMakeFiles/cmTC_72c2b.dir/build
make[2]: Entering directory '/home/lizhen/tvm-cvm/build/CMakeFiles/CMakeTmp'
Building C object CMakeFiles/cmTC_72c2b.dir/CheckSymbolExists.c.o
/usr/bin/cc    -fPIC    -o CMakeFiles/cmTC_72c2b.dir/CheckSymbolExists.c.o   -c /home/lizhen/tvm-cvm/build/CMakeFiles/CMakeTmp/CheckSymbolExists.c
Linking C executable cmTC_72c2b
/usr/bin/cmake -E cmake_link_script CMakeFiles/cmTC_72c2b.dir/link.txt --verbose=1
/usr/bin/cc  -fPIC     CMakeFiles/cmTC_72c2b.dir/CheckSymbolExists.c.o  -o cmTC_72c2b -rdynamic 
CMakeFiles/cmTC_72c2b.dir/CheckSymbolExists.c.o: In function `main':
CheckSymbolExists.c:(.text+0x1b): undefined reference to `pthread_create'
collect2: error: ld returned 1 exit status
CMakeFiles/cmTC_72c2b.dir/build.make:97: recipe for target 'cmTC_72c2b' failed
make[2]: *** [cmTC_72c2b] Error 1
make[2]: Leaving directory '/home/lizhen/tvm-cvm/build/CMakeFiles/CMakeTmp'
Makefile:126: recipe for target 'cmTC_72c2b/fast' failed
make[1]: *** [cmTC_72c2b/fast] Error 2
make[1]: Leaving directory '/home/lizhen/tvm-cvm/build/CMakeFiles/CMakeTmp'

File /home/lizhen/tvm-cvm/build/CMakeFiles/CMakeTmp/CheckSymbolExists.c:
/* */
#include <pthread.h>

int main(int argc, char** argv)
{
  (void)argv;
#ifndef pthread_create
  return ((int*)(&pthread_create))[argc];
#else
  (void)argc;
  return 0;
#endif
}

Determining if the function pthread_create exists in the pthreads failed with the following output:
Change Dir: /home/lizhen/tvm-cvm/build/CMakeFiles/CMakeTmp

Run Build Command:"/usr/bin/make" "cmTC_3d75d/fast"
make[1]: Entering directory '/home/lizhen/tvm-cvm/build/CMakeFiles/CMakeTmp'
/usr/bin/make -f CMakeFiles/cmTC_3d75d.dir/build.make CMakeFiles/cmTC_3d75d.dir/build
make[2]: Entering directory '/home/lizhen/tvm-cvm/build/CMakeFiles/CMakeTmp'
Building C object CMakeFiles/cmTC_3d75d.dir/CheckFunctionExists.c.o
/usr/bin/cc    -fPIC -DCHECK_FUNCTION_EXISTS=pthread_create   -o CMakeFiles/cmTC_3d75d.dir/CheckFunctionExists.c.o   -c /usr/share/cmake-3.5/Modules/CheckFunctionExists.c
Linking C executable cmTC_3d75d
/usr/bin/cmake -E cmake_link_script CMakeFiles/cmTC_3d75d.dir/link.txt --verbose=1
/usr/bin/cc  -fPIC -DCHECK_FUNCTION_EXISTS=pthread_create    CMakeFiles/cmTC_3d75d.dir/CheckFunctionExists.c.o  -o cmTC_3d75d -rdynamic -lpthreads 
/usr/bin/ld: cannot find -lpthreads
collect2: error: ld returned 1 exit status
CMakeFiles/cmTC_3d75d.dir/build.make:97: recipe for target 'cmTC_3d75d' failed
make[2]: *** [cmTC_3d75d] Error 1
make[2]: Leaving directory '/home/lizhen/tvm-cvm/build/CMakeFiles/CMakeTmp'
Makefile:126: recipe for target 'cmTC_3d75d/fast' failed
make[1]: *** [cmTC_3d75d/fast] Error 2
make[1]: Leaving directory '/home/lizhen/tvm-cvm/build/CMakeFiles/CMakeTmp'


Determining if the CL_VERSION_2_0 exist failed with the following output:
Change Dir: /home/lizhen/tvm-cvm/build/CMakeFiles/CMakeTmp

Run Build Command:"/usr/bin/make" "cmTC_e1187/fast"
make[1]: Entering directory '/home/lizhen/tvm-cvm/build/CMakeFiles/CMakeTmp'
/usr/bin/make -f CMakeFiles/cmTC_e1187.dir/build.make CMakeFiles/cmTC_e1187.dir/build
make[2]: Entering directory '/home/lizhen/tvm-cvm/build/CMakeFiles/CMakeTmp'
Building C object CMakeFiles/cmTC_e1187.dir/CheckSymbolExists.c.o
/usr/bin/cc   -I/usr/local/cuda/include  -O2 -Wall -fPIC -fvisibility=hidden     -o CMakeFiles/cmTC_e1187.dir/CheckSymbolExists.c.o   -c /home/lizhen/tvm-cvm/build/CMakeFiles/CMakeTmp/CheckSymbolExists.c
/home/lizhen/tvm-cvm/build/CMakeFiles/CMakeTmp/CheckSymbolExists.c: In function ‘main’:
/home/lizhen/tvm-cvm/build/CMakeFiles/CMakeTmp/CheckSymbolExists.c:8:19: error: ‘CL_VERSION_2_0’ undeclared (first use in this function)
   return ((int*)(&CL_VERSION_2_0))[argc];
                   ^
/home/lizhen/tvm-cvm/build/CMakeFiles/CMakeTmp/CheckSymbolExists.c:8:19: note: each undeclared identifier is reported only once for each function it appears in
CMakeFiles/cmTC_e1187.dir/build.make:65: recipe for target 'CMakeFiles/cmTC_e1187.dir/CheckSymbolExists.c.o' failed
make[2]: *** [CMakeFiles/cmTC_e1187.dir/CheckSymbolExists.c.o] Error 1
make[2]: Leaving directory '/home/lizhen/tvm-cvm/build/CMakeFiles/CMakeTmp'
Makefile:126: recipe for target 'cmTC_e1187/fast' failed
make[1]: *** [cmTC_e1187/fast] Error 2
make[1]: Leaving directory '/home/lizhen/tvm-cvm/build/CMakeFiles/CMakeTmp'

File /home/lizhen/tvm-cvm/build/CMakeFiles/CMakeTmp/CheckSymbolExists.c:
/* */
#include </usr/local/cuda/include/CL/cl.h>

int main(int argc, char** argv)
{
  (void)argv;
#ifndef CL_VERSION_2_0
  return ((int*)(&CL_VERSION_2_0))[argc];
#else
  (void)argc;
  return 0;
#endif
}

Determining if the pthread_create exist failed with the following output:
Change Dir: /home/lizhen/cvm-runtime/build/CMakeFiles/CMakeTmp

Run Build Command:"/usr/bin/make" "cmTC_44803/fast"
make[1]: Entering directory '/home/lizhen/cvm-runtime/build/CMakeFiles/CMakeTmp'
/usr/bin/make -f CMakeFiles/cmTC_44803.dir/build.make CMakeFiles/cmTC_44803.dir/build
make[2]: Entering directory '/home/lizhen/cvm-runtime/build/CMakeFiles/CMakeTmp'
Building C object CMakeFiles/cmTC_44803.dir/CheckSymbolExists.c.o
/usr/bin/cc    -fPIC    -o CMakeFiles/cmTC_44803.dir/CheckSymbolExists.c.o   -c /home/lizhen/cvm-runtime/build/CMakeFiles/CMakeTmp/CheckSymbolExists.c
Linking C executable cmTC_44803
/usr/bin/cmake -E cmake_link_script CMakeFiles/cmTC_44803.dir/link.txt --verbose=1
/usr/bin/cc  -fPIC     CMakeFiles/cmTC_44803.dir/CheckSymbolExists.c.o  -o cmTC_44803 -rdynamic 
CMakeFiles/cmTC_44803.dir/CheckSymbolExists.c.o: In function `main':
CheckSymbolExists.c:(.text+0x1b): undefined reference to `pthread_create'
collect2: error: ld returned 1 exit status
CMakeFiles/cmTC_44803.dir/build.make:97: recipe for target 'cmTC_44803' failed
make[2]: *** [cmTC_44803] Error 1
make[2]: Leaving directory '/home/lizhen/cvm-runtime/build/CMakeFiles/CMakeTmp'
Makefile:126: recipe for target 'cmTC_44803/fast' failed
make[1]: *** [cmTC_44803/fast] Error 2
make[1]: Leaving directory '/home/lizhen/cvm-runtime/build/CMakeFiles/CMakeTmp'

File /home/lizhen/cvm-runtime/build/CMakeFiles/CMakeTmp/CheckSymbolExists.c:
/* */
#include <pthread.h>

int main(int argc, char** argv)
{
  (void)argv;
#ifndef pthread_create
  return ((int*)(&pthread_create))[argc];
#else
  (void)argc;
  return 0;
#endif
}

Determining if the function pthread_create exists in the pthreads failed with the following output:
Change Dir: /home/lizhen/cvm-runtime/build/CMakeFiles/CMakeTmp

Run Build Command:"/usr/bin/make" "cmTC_8ebb8/fast"
make[1]: Entering directory '/home/lizhen/cvm-runtime/build/CMakeFiles/CMakeTmp'
/usr/bin/make -f CMakeFiles/cmTC_8ebb8.dir/build.make CMakeFiles/cmTC_8ebb8.dir/build
make[2]: Entering directory '/home/lizhen/cvm-runtime/build/CMakeFiles/CMakeTmp'
Building C object CMakeFiles/cmTC_8ebb8.dir/CheckFunctionExists.c.o
/usr/bin/cc    -fPIC -DCHECK_FUNCTION_EXISTS=pthread_create   -o CMakeFiles/cmTC_8ebb8.dir/CheckFunctionExists.c.o   -c /usr/share/cmake-3.5/Modules/CheckFunctionExists.c
Linking C executable cmTC_8ebb8
/usr/bin/cmake -E cmake_link_script CMakeFiles/cmTC_8ebb8.dir/link.txt --verbose=1
/usr/bin/cc  -fPIC -DCHECK_FUNCTION_EXISTS=pthread_create    CMakeFiles/cmTC_8ebb8.dir/CheckFunctionExists.c.o  -o cmTC_8ebb8 -rdynamic -lpthreads 
/usr/bin/ld: cannot find -lpthreads
collect2: error: ld returned 1 exit status
CMakeFiles/cmTC_8ebb8.dir/build.make:97: recipe for target 'cmTC_8ebb8' failed
make[2]: *** [cmTC_8ebb8] Error 1
make[2]: Leaving directory '/home/lizhen/cvm-runtime/build/CMakeFiles/CMakeTmp'
Makefile:126: recipe for target 'cmTC_8ebb8/fast' failed
make[1]: *** [cmTC_8ebb8/fast] Error 2
make[1]: Leaving directory '/home/lizhen/cvm-runtime/build/CMakeFiles/CMakeTmp'


Determining if the CL_VERSION_2_0 exist failed with the following output:
Change Dir: /home/lizhen/cvm-runtime/build/CMakeFiles/CMakeTmp

Run Build Command:"/usr/bin/make" "cmTC_c08a9/fast"
make[1]: Entering directory '/home/lizhen/cvm-runtime/build/CMakeFiles/CMakeTmp'
/usr/bin/make -f CMakeFiles/cmTC_c08a9.dir/build.make CMakeFiles/cmTC_c08a9.dir/build
make[2]: Entering directory '/home/lizhen/cvm-runtime/build/CMakeFiles/CMakeTmp'
Building C object CMakeFiles/cmTC_c08a9.dir/CheckSymbolExists.c.o
/usr/bin/cc   -I/usr/local/cuda/include  -g -O2 -Wall -fPIC -fvisibility=hidden     -o CMakeFiles/cmTC_c08a9.dir/CheckSymbolExists.c.o   -c /home/lizhen/cvm-runtime/build/CMakeFiles/CMakeTmp/CheckSymbolExists.c
/home/lizhen/cvm-runtime/build/CMakeFiles/CMakeTmp/CheckSymbolExists.c: In function ‘main’:
/home/lizhen/cvm-runtime/build/CMakeFiles/CMakeTmp/CheckSymbolExists.c:8:19: error: ‘CL_VERSION_2_0’ undeclared (first use in this function)
   return ((int*)(&CL_VERSION_2_0))[argc];
                   ^
/home/lizhen/cvm-runtime/build/CMakeFiles/CMakeTmp/CheckSymbolExists.c:8:19: note: each undeclared identifier is reported only once for each function it appears in
CMakeFiles/cmTC_c08a9.dir/build.make:65: recipe for target 'CMakeFiles/cmTC_c08a9.dir/CheckSymbolExists.c.o' failed
make[2]: *** [CMakeFiles/cmTC_c08a9.dir/CheckSymbolExists.c.o] Error 1
make[2]: Leaving directory '/home/lizhen/cvm-runtime/build/CMakeFiles/CMakeTmp'
Makefile:126: recipe for target 'cmTC_c08a9/fast' failed
make[1]: *** [cmTC_c08a9/fast] Error 2
make[1]: Leaving directory '/home/lizhen/cvm-runtime/build/CMakeFiles/CMakeTmp'

File /home/lizhen/cvm-runtime/build/CMakeFiles/CMakeTmp/CheckSymbolExists.c:
/* */
#include </usr/local/cuda/include/CL/cl.h>

int main(int argc, char** argv)
{
  (void)argv;
#ifndef CL_VERSION_2_0
  return ((int*)(&CL_VERSION_2_0))[argc];
#else
  (void)argc;
  return 0;
#endif
}

